#
# There is insufficient memory for the Java Runtime Environment to continue.
# Native memory allocation (malloc) failed to allocate 503456 bytes for Chunk::new
# Possible reasons:
#   The system is out of physical RAM or swap space
#   In 32 bit mode, the process size limit was hit
# Possible solutions:
#   Reduce memory load on the system
#   Increase physical memory or swap space
#   Check if swap backing store is full
#   Use 64 bit Java on a 64 bit OS
#   Decrease Java heap size (-Xmx/-Xms)
#   Decrease number of Java threads
#   Decrease Java thread stack sizes (-Xss)
#   Set larger code cache with -XX:ReservedCodeCacheSize=
# This output file may be truncated or incomplete.
#
#  Out of Memory Error (allocation.cpp:390), pid=6424, tid=0x00000000000005e0
#
# JRE version: OpenJDK Runtime Environment (8.0_112-b06) (build 1.8.0_112-release-b06)
# Java VM: OpenJDK 64-Bit Server VM (25.112-b06 mixed mode windows-amd64 compressed oops)
# Failed to write core dump. Minidumps are not enabled by default on client versions of Windows
#

---------------  T H R E A D  ---------------

Current thread (0x0000000056024000):  JavaThread "C2 CompilerThread1" daemon [_thread_in_native, id=1504, stack(0x0000000057c20000,0x0000000057d20000)]

Stack: [0x0000000057c20000,0x0000000057d20000]
[error occurred during error reporting (printing stack bounds), id 0xc0000005]

Native frames: (J=compiled Java code, j=interpreted, Vv=VM code, C=native code)


Current CompileTask:
C2: 705588 12231   !   4       java.nio.file.FileTreeWalker::next (144 bytes)


---------------  P R O C E S S  ---------------

Java Threads: ( => current thread )
  0x000000005c19d000 JavaThread "Asynchronous log dispatcher for org.gradle.launcher.daemon.server.DefaultDaemonConnection@27e46718" [_thread_blocked, id=7884, stack(0x000000005cc60000,0x000000005cd60000)]
  0x000000005d542000 JavaThread "Daemon worker Thread 2" [_thread_in_native, id=7868, stack(0x000000005a590000,0x000000005a690000)]
  0x000000005d544000 JavaThread "Cancel handler" [_thread_blocked, id=7220, stack(0x000000005a8f0000,0x000000005a9f0000)]
  0x000000005d542800 JavaThread "Handler for socket connection from /127.0.0.1:50819 to /127.0.0.1:50888" [_thread_in_native, id=7216, stack(0x0000000058cf0000,0x0000000058df0000)]
  0x000000005d543800 JavaThread "Daemon Thread 2" [_thread_blocked, id=7928, stack(0x000000005a6c0000,0x000000005a7c0000)]
  0x000000005c19a000 JavaThread "stdout" daemon [_thread_in_native, id=6924, stack(0x0000000067ab0000,0x0000000067bb0000)]
  0x000000005c199800 JavaThread "stderr" daemon [_thread_in_native, id=7044, stack(0x0000000067970000,0x0000000067a70000)]
  0x000000005c198800 JavaThread "stdout" daemon [_thread_in_native, id=6324, stack(0x00000000671a0000,0x00000000672a0000)]
  0x000000005c198000 JavaThread "stderr" daemon [_thread_in_native, id=6160, stack(0x0000000065f40000,0x0000000066040000)]
  0x000000005c197000 JavaThread "stdout" daemon [_thread_in_native, id=3808, stack(0x00000000677e0000,0x00000000678e0000)]
  0x000000005df77000 JavaThread "stderr" daemon [_thread_in_native, id=3992, stack(0x0000000067690000,0x0000000067790000)]
  0x000000005df76800 JavaThread "stdout" daemon [_thread_in_native, id=5760, stack(0x0000000067500000,0x0000000067600000)]
  0x000000005df75800 JavaThread "stderr" daemon [_thread_in_native, id=2156, stack(0x00000000672b0000,0x00000000673b0000)]
  0x000000005df75000 JavaThread "stdout" daemon [_thread_in_native, id=5184, stack(0x0000000067070000,0x0000000067170000)]
  0x000000005df74000 JavaThread "stderr" daemon [_thread_in_native, id=4784, stack(0x0000000063d30000,0x0000000063e30000)]
  0x000000005df73800 JavaThread "stdout" daemon [_thread_in_native, id=6352, stack(0x0000000066f20000,0x0000000067020000)]
  0x000000005df72800 JavaThread "stderr" daemon [_thread_in_native, id=5260, stack(0x0000000066d60000,0x0000000066e60000)]
  0x000000005df72000 JavaThread "png-cruncher_20" daemon [_thread_blocked, id=6468, stack(0x0000000066bd0000,0x0000000066cd0000)]
  0x000000005df71000 JavaThread "png-cruncher_19" daemon [_thread_blocked, id=6212, stack(0x0000000066360000,0x0000000066460000)]
  0x000000005df70800 JavaThread "png-cruncher_18" daemon [_thread_blocked, id=1540, stack(0x0000000066760000,0x0000000066860000)]
  0x000000005ec12000 JavaThread "png-cruncher_17" daemon [_thread_blocked, id=5892, stack(0x0000000066a30000,0x0000000066b30000)]
  0x000000005ec11800 JavaThread "png-cruncher_16" daemon [_thread_blocked, id=2648, stack(0x0000000066860000,0x0000000066960000)]
  0x000000005ec10800 JavaThread "stdout" daemon [_thread_in_native, id=4800, stack(0x0000000066660000,0x0000000066760000)]
  0x000000005ec10000 JavaThread "stderr" daemon [_thread_in_native, id=1560, stack(0x0000000066460000,0x0000000066560000)]
  0x000000005ec0f000 JavaThread "stdout" daemon [_thread_in_native, id=2224, stack(0x0000000065360000,0x0000000065460000)]
  0x000000005ec0e800 JavaThread "stderr" daemon [_thread_in_native, id=1140, stack(0x0000000066150000,0x0000000066250000)]
  0x000000005ec0d800 JavaThread "stdout" daemon [_thread_in_native, id=7140, stack(0x0000000065d30000,0x0000000065e30000)]
  0x000000005ec0d000 JavaThread "stderr" daemon [_thread_in_native, id=6280, stack(0x0000000066250000,0x0000000066350000)]
  0x000000005ec0c000 JavaThread "stdout" daemon [_thread_in_native, id=6140, stack(0x0000000066040000,0x0000000066140000)]
  0x000000005ec0b800 JavaThread "stderr" daemon [_thread_in_native, id=6728, stack(0x0000000065ad0000,0x0000000065bd0000)]
  0x00000000584f3800 JavaThread "png-cruncher_15" daemon [_thread_blocked, id=6412, stack(0x0000000065e30000,0x0000000065f30000)]
  0x00000000584f3000 JavaThread "png-cruncher_14" daemon [_thread_blocked, id=3868, stack(0x0000000065bf0000,0x0000000065cf0000)]
  0x00000000584f2000 JavaThread "png-cruncher_13" daemon [_thread_blocked, id=5376, stack(0x00000000645c0000,0x00000000646c0000)]
  0x00000000584f1800 JavaThread "png-cruncher_12" daemon [_thread_blocked, id=6656, stack(0x00000000659b0000,0x0000000065ab0000)]
  0x00000000584f0800 JavaThread "png-cruncher_11" daemon [_thread_blocked, id=5944, stack(0x0000000065810000,0x0000000065910000)]
  0x00000000584f0000 JavaThread "stdout" daemon [_thread_in_native, id=6436, stack(0x0000000065670000,0x0000000065770000)]
  0x00000000584ef000 JavaThread "stderr" daemon [_thread_in_native, id=5232, stack(0x0000000065470000,0x0000000065570000)]
  0x00000000584ee800 JavaThread "stdout" daemon [_thread_in_native, id=5136, stack(0x0000000065040000,0x0000000065140000)]
  0x00000000584ed800 JavaThread "stderr" daemon [_thread_in_native, id=1520, stack(0x0000000065260000,0x0000000065360000)]
  0x00000000584ed000 JavaThread "stdout" daemon [_thread_in_native, id=6556, stack(0x0000000065150000,0x0000000065250000)]
  0x00000000588b8800 JavaThread "stderr" daemon [_thread_in_native, id=6336, stack(0x0000000064f30000,0x0000000065030000)]
  0x00000000588b7800 JavaThread "stdout" daemon [_thread_in_native, id=4964, stack(0x0000000064d70000,0x0000000064e70000)]
  0x00000000588b7000 JavaThread "stderr" daemon [_thread_in_native, id=7128, stack(0x0000000064c60000,0x0000000064d60000)]
  0x00000000588b6000 JavaThread "stdout" daemon [_thread_in_native, id=1332, stack(0x0000000064ae0000,0x0000000064be0000)]
  0x00000000588b5800 JavaThread "stderr" daemon [_thread_in_native, id=6892, stack(0x00000000649e0000,0x0000000064ae0000)]
  0x00000000588b4800 JavaThread "png-cruncher_10" daemon [_thread_blocked, id=6204, stack(0x00000000648c0000,0x00000000649c0000)]
  0x00000000588b4000 JavaThread "png-cruncher_9" daemon [_thread_blocked, id=3864, stack(0x0000000064750000,0x0000000064850000)]
  0x00000000588b3000 JavaThread "png-cruncher_8" daemon [_thread_blocked, id=7112, stack(0x00000000644c0000,0x00000000645c0000)]
  0x00000000588b2800 JavaThread "png-cruncher_7" daemon [_thread_blocked, id=2848, stack(0x0000000063f60000,0x0000000064060000)]
  0x00000000588b1800 JavaThread "png-cruncher_6" daemon [_thread_blocked, id=6720, stack(0x00000000641e0000,0x00000000642e0000)]
  0x000000005d54f800 JavaThread "stdout" daemon [_thread_in_native, id=6608, stack(0x00000000642f0000,0x00000000643f0000)]
  0x000000005d54e800 JavaThread "stderr" daemon [_thread_in_native, id=5380, stack(0x00000000640e0000,0x00000000641e0000)]
  0x000000005d54e000 JavaThread "stdout" daemon [_thread_in_native, id=6528, stack(0x0000000063e50000,0x0000000063f50000)]
  0x000000005d54d000 JavaThread "stderr" daemon [_thread_in_native, id=5428, stack(0x0000000063a00000,0x0000000063b00000)]
  0x000000005d54c800 JavaThread "stdout" daemon [_thread_in_native, id=6776, stack(0x0000000063c30000,0x0000000063d30000)]
  0x000000005d54b800 JavaThread "stderr" daemon [_thread_in_native, id=6496, stack(0x0000000063b20000,0x0000000063c20000)]
  0x000000005d54b000 JavaThread "stdout" daemon [_thread_in_native, id=5940, stack(0x00000000638a0000,0x00000000639a0000)]
  0x000000005d54a000 JavaThread "stderr" daemon [_thread_in_native, id=4348, stack(0x0000000063380000,0x0000000063480000)]
  0x000000005d549800 JavaThread "stdout" daemon [_thread_in_native, id=5792, stack(0x00000000636c0000,0x00000000637c0000)]
  0x000000005d548800 JavaThread "stderr" daemon [_thread_in_native, id=5708, stack(0x00000000634d0000,0x00000000635d0000)]
  0x000000005d548000 JavaThread "png-cruncher_5" daemon [_thread_blocked, id=4552, stack(0x0000000061eb0000,0x0000000061fb0000)]
  0x000000005d547000 JavaThread "png-cruncher_4" daemon [_thread_blocked, id=4080, stack(0x0000000061d90000,0x0000000061e90000)]
  0x000000005d546800 JavaThread "png-cruncher_3" daemon [_thread_blocked, id=6372, stack(0x0000000061c30000,0x0000000061d30000)]
  0x000000005d545800 JavaThread "png-cruncher_2" daemon [_thread_blocked, id=5764, stack(0x00000000619b0000,0x0000000061ab0000)]
  0x000000005d545000 JavaThread "png-cruncher_1" daemon [_thread_blocked, id=6312, stack(0x0000000059e00000,0x0000000059f00000)]
  0x000000005dc10800 JavaThread "File lock request listener" [_thread_in_native, id=6132, stack(0x0000000057930000,0x0000000057a30000)]
  0x000000005930b000 JavaThread "pool-1-thread-1" [_thread_blocked, id=7148, stack(0x000000005a460000,0x000000005a560000)]
  0x00000000590aa000 JavaThread "Incoming local TCP Connector on port 50819" [_thread_in_native, id=5668, stack(0x000000005a0d0000,0x000000005a1d0000)]
  0x0000000057d99800 JavaThread "Service Thread" daemon [_thread_blocked, id=7024, stack(0x0000000058170000,0x0000000058270000)]
  0x0000000057d20800 JavaThread "C1 CompilerThread2" daemon [_thread_blocked, id=5904, stack(0x0000000057660000,0x0000000057760000)]
=>0x0000000056024000 JavaThread "C2 CompilerThread1" daemon [_thread_in_native, id=1504, stack(0x0000000057c20000,0x0000000057d20000)]
  0x000000005601d000 JavaThread "C2 CompilerThread0" daemon [_thread_blocked, id=6660, stack(0x0000000057a30000,0x0000000057b30000)]
  0x000000005602d800 JavaThread "Attach Listener" daemon [_thread_blocked, id=3848, stack(0x0000000057820000,0x0000000057920000)]
  0x000000005602c800 JavaThread "Signal Dispatcher" daemon [_thread_blocked, id=5172, stack(0x0000000057040000,0x0000000057140000)]
  0x0000000056007000 JavaThread "Finalizer" daemon [_thread_blocked, id=4708, stack(0x0000000057560000,0x0000000057660000)]
  0x0000000055fc0000 JavaThread "Reference Handler" daemon [_thread_blocked, id=4048, stack(0x0000000057360000,0x0000000057460000)]
  0x0000000001e3e000 JavaThread "main" [_thread_blocked, id=2824, stack(0x00000000020a0000,0x00000000021a0000)]

Other Threads:
  0x0000000055fb8800 VMThread [stack: 0x00000000571b0000,0x00000000572b0000] [id=5056]
  0x0000000057d9a800 WatcherThread [stack: 0x00000000582c0000,0x00000000583c0000] [id=6552]

VM state:not at safepoint (normal execution)

VM Mutex/Monitor currently owned by a thread: None

Heap:
 PSYoungGen      total 82432K, used 36519K [0x00000000e0000000, 0x00000000e7d80000, 0x0000000100000000)
  eden space 79360K, 42% used [0x00000000e0000000,0x00000000e210dd28,0x00000000e4d80000)
  from space 3072K, 86% used [0x00000000e5000000,0x00000000e529c010,0x00000000e5300000)
  to   space 24576K, 0% used [0x00000000e6580000,0x00000000e6580000,0x00000000e7d80000)
 ParOldGen       total 87552K, used 34903K [0x00000000a0000000, 0x00000000a5580000, 0x00000000e0000000)
  object space 87552K, 39% used [0x00000000a0000000,0x00000000a2215f10,0x00000000a5580000)
 Metaspace       used 61048K, capacity 62656K, committed 62768K, reserved 1103872K
  class space    used 7736K, capacity 8130K, committed 8240K, reserved 1048576K

Card table byte_map: [0x0000000011830000,0x0000000011b40000] byte_map_base: 0x0000000011330000

Marking Bits: (ParMarkBitMap*) 0x000000005b7a18f0
 Begin Bits: [0x0000000012330000, 0x0000000013b30000)
 End Bits:   [0x0000000013b30000, 0x0000000015330000)

Polling page: 0x00000000000c0000

CodeCache: size=245760Kb used=34475Kb max_used=34487Kb free=211284Kb
 bounds [0x0000000002470000, 0x0000000004650000, 0x0000000011470000]
 total_blobs=10562 nmethods=9829 adapters=645
 compilation: enabled

Compilation events (10 events):
Event: 704.529 Thread 0x0000000057d20800 nmethod 12228 0x0000000002dcfd50 code [0x0000000002dcfec0, 0x0000000002dd0118]
Event: 704.538 Thread 0x0000000057d20800 12229       3       com.google.common.collect.AbstractMapBasedMultimap::unmodifiableCollectionSubclass (50 bytes)
Event: 704.540 Thread 0x0000000057d20800 nmethod 12229 0x0000000002dc91d0 code [0x0000000002dc94a0, 0x0000000002dcaa68]
Event: 704.603 Thread 0x0000000057d20800 12230       3       org.gradle.api.internal.file.copy.DefaultCopySpec$DefaultCopySpecResolver::getDirMode (37 bytes)
Event: 704.604 Thread 0x0000000057d20800 nmethod 12230 0x0000000002f1d810 code [0x0000000002f1d980, 0x0000000002f1dc28]
Event: 705.110 Thread 0x0000000056024000 12231   !   4       java.nio.file.FileTreeWalker::next (144 bytes)
Event: 705.127 Thread 0x000000005601d000 12232       4       com.google.common.cache.LocalCache::expiresAfterAccess (15 bytes)
Event: 705.128 Thread 0x000000005601d000 nmethod 12232 0x00000000042960d0 code [0x0000000004296200, 0x0000000004296258]
Event: 705.139 Thread 0x000000005601d000 12233       4       org.gradle.api.file.RelativePath::equals (60 bytes)
Event: 705.144 Thread 0x000000005601d000 nmethod 12233 0x0000000002f1d190 code [0x0000000002f1d2e0, 0x0000000002f1d598]

GC Heap History (10 events):
Event: 368.164 GC heap before
{Heap before GC invocations=31 (full 3):
 PSYoungGen      total 93696K, used 93522K [0x00000000e0000000, 0x00000000e8900000, 0x0000000100000000)
  eden space 88064K, 100% used [0x00000000e0000000,0x00000000e5600000,0x00000000e5600000)
  from space 5632K, 96% used [0x00000000e5900000,0x00000000e5e54af8,0x00000000e5e80000)
  to   space 26112K, 0% used [0x00000000e6f80000,0x00000000e6f80000,0x00000000e8900000)
 ParOldGen       total 87552K, used 47802K [0x00000000a0000000, 0x00000000a5580000, 0x00000000e0000000)
  object space 87552K, 54% used [0x00000000a0000000,0x00000000a2eaea50,0x00000000a5580000)
 Metaspace       used 57217K, capacity 58648K, committed 58800K, reserved 1099776K
  class space    used 7445K, capacity 7778K, committed 7856K, reserved 1048576K
Event: 368.190 GC heap after
Heap after GC invocations=31 (full 3):
 PSYoungGen      total 108032K, used 15192K [0x00000000e0000000, 0x00000000e8600000, 0x0000000100000000)
  eden space 84992K, 0% used [0x00000000e0000000,0x00000000e0000000,0x00000000e5300000)
  from space 23040K, 65% used [0x00000000e6f80000,0x00000000e7e56340,0x00000000e8600000)
  to   space 26112K, 0% used [0x00000000e5300000,0x00000000e5300000,0x00000000e6c80000)
 ParOldGen       total 87552K, used 47810K [0x00000000a0000000, 0x00000000a5580000, 0x00000000e0000000)
  object space 87552K, 54% used [0x00000000a0000000,0x00000000a2eb0a50,0x00000000a5580000)
 Metaspace       used 57217K, capacity 58648K, committed 58800K, reserved 1099776K
  class space    used 7445K, capacity 7778K, committed 7856K, reserved 1048576K
}
Event: 376.397 GC heap before
{Heap before GC invocations=32 (full 3):
 PSYoungGen      total 108032K, used 100184K [0x00000000e0000000, 0x00000000e8600000, 0x0000000100000000)
  eden space 84992K, 100% used [0x00000000e0000000,0x00000000e5300000,0x00000000e5300000)
  from space 23040K, 65% used [0x00000000e6f80000,0x00000000e7e56340,0x00000000e8600000)
  to   space 26112K, 0% used [0x00000000e5300000,0x00000000e5300000,0x00000000e6c80000)
 ParOldGen       total 87552K, used 47810K [0x00000000a0000000, 0x00000000a5580000, 0x00000000e0000000)
  object space 87552K, 54% used [0x00000000a0000000,0x00000000a2eb0a50,0x00000000a5580000)
 Metaspace       used 58882K, capacity 60376K, committed 60464K, reserved 1101824K
  class space    used 7551K, capacity 7906K, committed 7984K, reserved 1048576K
Event: 376.416 GC heap after
Heap after GC invocations=32 (full 3):
 PSYoungGen      total 88064K, used 6056K [0x00000000e0000000, 0x00000000e8200000, 0x0000000100000000)
  eden space 81920K, 0% used [0x00000000e0000000,0x00000000e0000000,0x00000000e5000000)
  from space 6144K, 98% used [0x00000000e5300000,0x00000000e58ea3f8,0x00000000e5900000)
  to   space 25600K, 0% used [0x00000000e6900000,0x00000000e6900000,0x00000000e8200000)
 ParOldGen       total 87552K, used 47818K [0x00000000a0000000, 0x00000000a5580000, 0x00000000e0000000)
  object space 87552K, 54% used [0x00000000a0000000,0x00000000a2eb2a50,0x00000000a5580000)
 Metaspace       used 58882K, capacity 60376K, committed 60464K, reserved 1101824K
  class space    used 7551K, capacity 7906K, committed 7984K, reserved 1048576K
}
Event: 380.615 GC heap before
{Heap before GC invocations=33 (full 3):
 PSYoungGen      total 88064K, used 48709K [0x00000000e0000000, 0x00000000e8200000, 0x0000000100000000)
  eden space 81920K, 52% used [0x00000000e0000000,0x00000000e29a7398,0x00000000e5000000)
  from space 6144K, 98% used [0x00000000e5300000,0x00000000e58ea3f8,0x00000000e5900000)
  to   space 25600K, 0% used [0x00000000e6900000,0x00000000e6900000,0x00000000e8200000)
 ParOldGen       total 87552K, used 47818K [0x00000000a0000000, 0x00000000a5580000, 0x00000000e0000000)
  object space 87552K, 54% used [0x00000000a0000000,0x00000000a2eb2a50,0x00000000a5580000)
 Metaspace       used 60483K, capacity 62000K, committed 62128K, reserved 1103872K
  class space    used 7716K, capacity 8102K, committed 8112K, reserved 1048576K
Event: 380.643 GC heap after
Heap after GC invocations=33 (full 3):
 PSYoungGen      total 105472K, used 7823K [0x00000000e0000000, 0x00000000e8000000, 0x0000000100000000)
  eden space 81920K, 0% used [0x00000000e0000000,0x00000000e0000000,0x00000000e5000000)
  from space 23552K, 33% used [0x00000000e6900000,0x00000000e70a3f60,0x00000000e8000000)
  to   space 24576K, 0% used [0x00000000e5000000,0x00000000e5000000,0x00000000e6800000)
 ParOldGen       total 87552K, used 47826K [0x00000000a0000000, 0x00000000a5580000, 0x00000000e0000000)
  object space 87552K, 54% used [0x00000000a0000000,0x00000000a2eb4a50,0x00000000a5580000)
 Metaspace       used 60483K, capacity 62000K, committed 62128K, reserved 1103872K
  class space    used 7716K, capacity 8102K, committed 8112K, reserved 1048576K
}
Event: 380.643 GC heap before
{Heap before GC invocations=34 (full 4):
 PSYoungGen      total 105472K, used 7823K [0x00000000e0000000, 0x00000000e8000000, 0x0000000100000000)
  eden space 81920K, 0% used [0x00000000e0000000,0x00000000e0000000,0x00000000e5000000)
  from space 23552K, 33% used [0x00000000e6900000,0x00000000e70a3f60,0x00000000e8000000)
  to   space 24576K, 0% used [0x00000000e5000000,0x00000000e5000000,0x00000000e6800000)
 ParOldGen       total 87552K, used 47826K [0x00000000a0000000, 0x00000000a5580000, 0x00000000e0000000)
  object space 87552K, 54% used [0x00000000a0000000,0x00000000a2eb4a50,0x00000000a5580000)
 Metaspace       used 60483K, capacity 62000K, committed 62128K, reserved 1103872K
  class space    used 7716K, capacity 8102K, committed 8112K, reserved 1048576K
Event: 381.083 GC heap after
Heap after GC invocations=34 (full 4):
 PSYoungGen      total 105472K, used 0K [0x00000000e0000000, 0x00000000e8000000, 0x0000000100000000)
  eden space 81920K, 0% used [0x00000000e0000000,0x00000000e0000000,0x00000000e5000000)
  from space 23552K, 0% used [0x00000000e6900000,0x00000000e6900000,0x00000000e8000000)
  to   space 24576K, 0% used [0x00000000e5000000,0x00000000e5000000,0x00000000e6800000)
 ParOldGen       total 87552K, used 34895K [0x00000000a0000000, 0x00000000a5580000, 0x00000000e0000000)
  object space 87552K, 39% used [0x00000000a0000000,0x00000000a2213f10,0x00000000a5580000)
 Metaspace       used 60483K, capacity 62000K, committed 62128K, reserved 1103872K
  class space    used 7716K, capacity 8102K, committed 8112K, reserved 1048576K
}
Event: 670.413 GC heap before
{Heap before GC invocations=35 (full 4):
 PSYoungGen      total 105472K, used 81920K [0x00000000e0000000, 0x00000000e8000000, 0x0000000100000000)
  eden space 81920K, 100% used [0x00000000e0000000,0x00000000e5000000,0x00000000e5000000)
  from space 23552K, 0% used [0x00000000e6900000,0x00000000e6900000,0x00000000e8000000)
  to   space 24576K, 0% used [0x00000000e5000000,0x00000000e5000000,0x00000000e6800000)
 ParOldGen       total 87552K, used 34895K [0x00000000a0000000, 0x00000000a5580000, 0x00000000e0000000)
  object space 87552K, 39% used [0x00000000a0000000,0x00000000a2213f10,0x00000000a5580000)
 Metaspace       used 60819K, capacity 62422K, committed 62768K, reserved 1103872K
  class space    used 7732K, capacity 8123K, committed 8240K, reserved 1048576K
Event: 670.426 GC heap after
Heap after GC invocations=35 (full 4):
 PSYoungGen      total 82432K, used 2672K [0x00000000e0000000, 0x00000000e7d80000, 0x0000000100000000)
  eden space 79360K, 0% used [0x00000000e0000000,0x00000000e0000000,0x00000000e4d80000)
  from space 3072K, 86% used [0x00000000e5000000,0x00000000e529c010,0x00000000e5300000)
  to   space 24576K, 0% used [0x00000000e6580000,0x00000000e6580000,0x00000000e7d80000)
 ParOldGen       total 87552K, used 34903K [0x00000000a0000000, 0x00000000a5580000, 0x00000000e0000000)
  object space 87552K, 39% used [0x00000000a0000000,0x00000000a2215f10,0x00000000a5580000)
 Metaspace       used 60819K, capacity 62422K, committed 62768K, reserved 1103872K
  class space    used 7732K, capacity 8123K, committed 8240K, reserved 1048576K
}

Deoptimization events (10 events):
Event: 668.684 Thread 0x000000005d542000 Uncommon trap: reason=bimorphic action=maybe_recompile pc=0x0000000003025484 method=java.security.MessageDigest$Delegate.engineUpdate([BII)V @ 7
Event: 668.684 Thread 0x000000005d542000 Uncommon trap: reason=bimorphic action=maybe_recompile pc=0x0000000003025484 method=java.security.MessageDigest$Delegate.engineUpdate([BII)V @ 7
Event: 668.684 Thread 0x000000005d542000 Uncommon trap: reason=bimorphic action=maybe_recompile pc=0x0000000002734244 method=sun.security.provider.DigestBase.engineUpdate([BII)V @ 128
Event: 668.747 Thread 0x000000005d542000 Uncommon trap: reason=null_check action=make_not_entrant pc=0x00000000028e0944 method=sun.nio.fs.NativeBuffers.getNativeBufferFromCache(I)Lsun/nio/fs/NativeBuffer; @ 6
Event: 668.747 Thread 0x000000005d542000 Uncommon trap: reason=null_check action=make_not_entrant pc=0x000000000392d244 method=sun.nio.fs.NativeBuffers.releaseNativeBuffer(Lsun/nio/fs/NativeBuffer;)V @ 6
Event: 670.267 Thread 0x000000005d542000 Uncommon trap: reason=class_check action=maybe_recompile pc=0x0000000003a58744 method=com.google.common.collect.AbstractMapBasedMultimap.iteratorOrListIterator(Ljava/util/Collection;)Ljava/util/Iterator; @ 1
Event: 670.267 Thread 0x000000005d542000 Uncommon trap: reason=class_check action=maybe_recompile pc=0x000000000258dae0 method=com.google.common.collect.AbstractMapBasedMultimap$WrappedCollection.refreshIfEmpty()V @ 40
Event: 671.597 Thread 0x000000005d542000 Uncommon trap: reason=unstable_if action=reinterpret pc=0x000000000392f248 method=com.google.common.cache.LocalCache.isExpired(Lcom/google/common/cache/LocalCache$ReferenceEntry;J)Z @ 9
Event: 672.142 Thread 0x000000005d542000 Uncommon trap: reason=unstable_if action=reinterpret pc=0x0000000003617de8 method=org.gradle.api.internal.project.taskfactory.AnnotationProcessingTaskFactory$Validator.attachValidationAction(Lorg/gradle/api/internal/project/taskfactory/PropertyAnnotationHa~Èºâ…@
Event: 674.610 Thread 0x000000005d542000 Uncommon trap: reason=class_check action=maybe_recompile pc=0x00000000025da448 method=java.util.concurrent.ConcurrentHashMap.putVal(Ljava/lang/Object;Ljava/lang/Object;Z)Ljava/lang/Object; @ 192

Internal exceptions (10 events):
Event: 670.200 Thread 0x000000005d542000 Exception <a 'sun/nio/fs/WindowsException'> (0x00000000e4f03520) thrown at [C:\src\android\AOSP-openjdk\external\jetbrains\jdk\hotspot\src\share\vm\prims\jni.cpp, line 709]
Event: 670.200 Thread 0x000000005d542000 Exception <a 'sun/nio/fs/WindowsException'> (0x00000000e4f041e0) thrown at [C:\src\android\AOSP-openjdk\external\jetbrains\jdk\hotspot\src\share\vm\prims\jni.cpp, line 709]
Event: 670.221 Thread 0x000000005d542000 Exception <a 'sun/nio/fs/WindowsException'> (0x00000000e4f07850) thrown at [C:\src\android\AOSP-openjdk\external\jetbrains\jdk\hotspot\src\share\vm\prims\jni.cpp, line 709]
Event: 670.221 Thread 0x000000005d542000 Exception <a 'sun/nio/fs/WindowsException'> (0x00000000e4f08480) thrown at [C:\src\android\AOSP-openjdk\external\jetbrains\jdk\hotspot\src\share\vm\prims\jni.cpp, line 709]
Event: 670.221 Thread 0x000000005d542000 Exception <a 'sun/nio/fs/WindowsException'> (0x00000000e4f0a0e8) thrown at [C:\src\android\AOSP-openjdk\external\jetbrains\jdk\hotspot\src\share\vm\prims\jni.cpp, line 709]
Event: 670.221 Thread 0x000000005d542000 Exception <a 'sun/nio/fs/WindowsException'> (0x00000000e4f0ad58) thrown at [C:\src\android\AOSP-openjdk\external\jetbrains\jdk\hotspot\src\share\vm\prims\jni.cpp, line 709]
Event: 670.222 Thread 0x000000005d542000 Exception <a 'sun/nio/fs/WindowsException'> (0x00000000e4f0da38) thrown at [C:\src\android\AOSP-openjdk\external\jetbrains\jdk\hotspot\src\share\vm\prims\jni.cpp, line 709]
Event: 670.222 Thread 0x000000005d542000 Exception <a 'sun/nio/fs/WindowsException'> (0x00000000e4f0e6e0) thrown at [C:\src\android\AOSP-openjdk\external\jetbrains\jdk\hotspot\src\share\vm\prims\jni.cpp, line 709]
Event: 670.222 Thread 0x000000005d542000 Exception <a 'sun/nio/fs/WindowsException'> (0x00000000e4f103c0) thrown at [C:\src\android\AOSP-openjdk\external\jetbrains\jdk\hotspot\src\share\vm\prims\jni.cpp, line 709]
Event: 670.222 Thread 0x000000005d542000 Exception <a 'sun/nio/fs/WindowsException'> (0x00000000e4f110a8) thrown at [C:\src\android\AOSP-openjdk\external\jetbrains\jdk\hotspot\src\share\vm\prims\jni.cpp, line 709]

Events (10 events):
Event: 674.590 Thread 0x0000000057d20800 flushing nmethod 0x00000000037a6f90
Event: 674.594 Thread 0x0000000057d20800 flushing nmethod 0x0000000003afd4d0
Event: 674.610 Thread 0x000000005d542000 Uncommon trap: trap_request=0xffffffde fr.pc=0x00000000025da448
Event: 674.610 Executing VM operation: RevokeBias
Event: 674.610 Executing VM operation: RevokeBias done
Event: 674.610 Thread 0x000000005d542000 DEOPT PACKING pc=0x00000000025da448 sp=0x000000005a68d070
Event: 674.610 Thread 0x000000005d542000 DEOPT UNPACKING pc=0x00000000024b556a sp=0x000000005a68d008 mode 2
Event: 702.219 Executing VM operation: RevokeBias
Event: 702.219 Executing VM operation: RevokeBias done
Event: 702.219 Thread 0x000000005c19e000 Thread exited: 0x000000005c19e000


Dynamic libraries:
0x000000013fa80000 - 0x000000013fab1000 	C:\Program Files\Android\Android Studio\jre\bin\java.exe
0x0000000077150000 - 0x00000000772fa000 	C:\Windows\SYSTEM32\ntdll.dll
0x000007fef4ab0000 - 0x000007fef4b04000 	C:\Program Files (x86)\AVG\Av\avghooka.dll
0x0000000076f30000 - 0x000000007704f000 	C:\Windows\system32\kernel32.dll
0x000007fefbdf0000 - 0x000007fefbe5a000 	C:\Windows\system32\KERNELBASE.dll
0x000007fefd640000 - 0x000007fefd71b000 	C:\Windows\system32\ADVAPI32.dll
0x000007fefc0c0000 - 0x000007fefc15f000 	C:\Windows\system32\msvcrt.dll
0x000007fefc3d0000 - 0x000007fefc3ef000 	C:\Windows\SYSTEM32\sechost.dll
0x000007fefdf80000 - 0x000007fefe0ad000 	C:\Windows\system32\RPCRT4.dll
0x0000000077050000 - 0x000000007714a000 	C:\Windows\system32\USER32.dll
0x000007fefd960000 - 0x000007fefd9c7000 	C:\Windows\system32\GDI32.dll
0x000007fefd720000 - 0x000007fefd72e000 	C:\Windows\system32\LPK.dll
0x000007fefdeb0000 - 0x000007fefdf7a000 	C:\Windows\system32\USP10.dll
0x000007fefa6c0000 - 0x000007fefa8b4000 	C:\Windows\WinSxS\amd64_microsoft.windows.common-controls_6595b64144ccf1df_6.0.7601.18837_none_fa3b1e3d17594757\COMCTL32.dll
0x000007fefd8e0000 - 0x000007fefd951000 	C:\Windows\system32\SHLWAPI.dll
0x000007fefde80000 - 0x000007fefdeae000 	C:\Windows\system32\IMM32.DLL
0x000007fefd7d0000 - 0x000007fefd8d9000 	C:\Windows\system32\MSCTF.dll
0x000000006eb70000 - 0x000000006ec42000 	C:\Program Files\Android\Android Studio\jre\jre\bin\msvcr100.dll
0x000000005afe0000 - 0x000000005b81c000 	C:\Program Files\Android\Android Studio\jre\jre\bin\server\jvm.dll
0x000007fef4c20000 - 0x000007fef4c29000 	C:\Windows\system32\WSOCK32.dll
0x000007fefe0b0000 - 0x000007fefe0fd000 	C:\Windows\system32\WS2_32.dll
0x000007fefc490000 - 0x000007fefc498000 	C:\Windows\system32\NSI.dll
0x000007fef6df0000 - 0x000007fef6e2b000 	C:\Windows\system32\WINMM.dll
0x000007fefaf70000 - 0x000007fefaf7c000 	C:\Windows\system32\VERSION.dll
0x0000000077310000 - 0x0000000077317000 	C:\Windows\system32\PSAPI.DLL
0x000007fef0e30000 - 0x000007fef0e3f000 	C:\Program Files\Android\Android Studio\jre\jre\bin\verify.dll
0x000007fef07d0000 - 0x000007fef07f9000 	C:\Program Files\Android\Android Studio\jre\jre\bin\java.dll
0x000007fef0a70000 - 0x000007fef0a86000 	C:\Program Files\Android\Android Studio\jre\jre\bin\zip.dll
0x000007fefc8b0000 - 0x000007fefd63a000 	C:\Windows\system32\SHELL32.dll
0x000007fefbec0000 - 0x000007fefc0bc000 	C:\Windows\system32\ole32.dll
0x000007fefbaf0000 - 0x000007fefbaff000 	C:\Windows\system32\profapi.dll
0x000007feeb2a0000 - 0x000007feeb2ba000 	C:\Program Files\Android\Android Studio\jre\jre\bin\net.dll
0x000007fefb1a0000 - 0x000007fefb1f5000 	C:\Windows\system32\mswsock.dll
0x000007fefb3b0000 - 0x000007fefb3b7000 	C:\Windows\System32\wship6.dll
0x000007feeb280000 - 0x000007feeb291000 	C:\Program Files\Android\Android Studio\jre\jre\bin\nio.dll
0x000007feeb320000 - 0x000007feeb332000 	C:\Users\Administrador\.gradle\native\19\windows-amd64\native-platform.dll
0x000007fefb3c0000 - 0x000007fefb3d8000 	C:\Windows\system32\CRYPTSP.dll
0x000007fefafa0000 - 0x000007fefafe7000 	C:\Windows\system32\rsaenh.dll
0x000007fefbbc0000 - 0x000007fefbbde000 	C:\Windows\system32\USERENV.dll
0x000007fefb940000 - 0x000007fefb94f000 	C:\Windows\system32\CRYPTBASE.dll
0x000007fef8980000 - 0x000007fef89a7000 	C:\Windows\system32\IPHLPAPI.DLL
0x000007fef8970000 - 0x000007fef897b000 	C:\Windows\system32\WINNSI.DLL
0x000007fef8870000 - 0x000007fef8888000 	C:\Windows\system32\dhcpcsvc.DLL
0x000007fef8850000 - 0x000007fef8861000 	C:\Windows\system32\dhcpcsvc6.DLL
0x000007fef1880000 - 0x000007fef188d000 	C:\Program Files\Android\Android Studio\jre\jre\bin\management.dll
0x000007fefb8e0000 - 0x000007fefb937000 	C:\Windows\system32\apphelp.dll

VM Arguments:
jvm_args: -Xmx1536m -Dfile.encoding=windows-1252 -Duser.country=ES -Duser.language=es -Duser.variant 
java_command: org.gradle.launcher.daemon.bootstrap.GradleDaemon 2.14.1
java_class_path (initial): C:\Users\Administrador\.gradle\wrapper\dists\gradle-2.14.1-all\8bnwg5hd3w55iofp58khbp6yv\gradle-2.14.1\lib\gradle-launcher-2.14.1.jar
Launcher Type: SUN_STANDARD

Environment Variables:
PATH=C:\ProgramData\Oracle\Java\javapath;C:\Windows\system32;C:\Windows;C:\Windows\System32\Wbem;C:\Windows\System32\WindowsPowerShell\v1.0\;C:\Program Files\Intel\WiFi\bin\;C:\Program Files\Common Files\Intel\WirelessCommon\;C:\Program Files (x86)\Microsoft SQL Server\110\DTS\Binn\;C:\Program Files (x86)\Microsoft SQL Server\110\Tools\Binn\;C:\Program Files (x86)\Microsoft SQL Server\110\Tools\Binn\ManagementStudio\;C:\Program Files (x86)\Microsoft Visual Studio 10.0\Common7\IDE\PrivateAssemblies\;C:\Program Files (x86)\Skype\Phone\;C:\Program Files (x86)\Haskell\bin;C:\ghc\ghc-7.6.1\bin;C:\Program Files\Intel\WiFi\bin\;C:\Program Files\Common Files\Intel\WirelessCommon\
USERNAME=Administrador
OS=Windows_NT
PROCESSOR_IDENTIFIER=Intel64 Family 6 Model 37 Stepping 5, GenuineIntel



---------------  S Y S T E M  ---------------

OS: Windows 7 , 64 bit Build 7601 (6.1.7601.23796)

CPU:total 4 (2 cores per cpu, 2 threads per core) family 6 model 37 stepping 5, cmov, cx8, fxsr, mmx, sse, sse2, sse3, ssse3, sse4.1, sse4.2, popcnt, aes, clmul, ht, tsc, tscinvbit

Memory: 4k page, physical 3987304k(133244k free), swap 6011000k(5388k free)

vm_info: OpenJDK 64-Bit Server VM (25.112-b06) for windows-amd64 JRE (1.8.0_112-release-b06), built on Dec  8 2016 00:54:26 by "builder" with MS VC++ 10.0 (VS2010)

time: Wed May 10 22:30:03 2017
elapsed time: 705 seconds (0d 0h 11m 45s)

